<?xml version="1.0" encoding="UTF-8"?>
<!-- Generated by org.testng.reporters.JUnitXMLReporter -->
<testsuite ignored="2" hostname="keerthana" failures="0" tests="2" name="Test1" time="56.513" errors="0" timestamp="2026-04-05T18:33:19 IST">
  <testcase classname="testCaseRepo.TC_003" name="LE_003" time="18.219"/>
  <testcase classname="testCaseRepo.TC_002" name="LE_002" time="13.895"/>
  <testcase classname="genericUtility.BaseClass" name="@AfterSuite asConfig" time="0.0">
    <ignored/>
  </testcase> <!-- @AfterSuite asConfig -->
  <testcase classname="genericUtility.BaseClass" name="@BeforeSuite bsConfig" time="0.0">
    <ignored/>
  </testcase> <!-- @BeforeSuite bsConfig -->
</testsuite> <!-- Test1 -->
